mode: set
github.com/open-component-model/ocm-e2e-framework/test/e2e_ocm_controller/create_test_component.go:14.72,22.2 2 1
github.com/open-component-model/ocm-e2e-framework/test/e2e_ocm_controller/create_test_component.go:24.44,28.16 3 1
github.com/open-component-model/ocm-e2e-framework/test/e2e_ocm_controller/create_test_component.go:28.16,30.3 1 0
github.com/open-component-model/ocm-e2e-framework/test/e2e_ocm_controller/create_test_component.go:32.2,60.3 1 1
github.com/open-component-model/ocm-e2e-framework/test/e2e_ocm_controller/create_test_component.go:63.51,67.16 3 1
github.com/open-component-model/ocm-e2e-framework/test/e2e_ocm_controller/create_test_component.go:67.16,69.3 1 0
github.com/open-component-model/ocm-e2e-framework/test/e2e_ocm_controller/create_test_component.go:71.2,72.16 2 1
github.com/open-component-model/ocm-e2e-framework/test/e2e_ocm_controller/create_test_component.go:72.16,74.3 1 0
github.com/open-component-model/ocm-e2e-framework/test/e2e_ocm_controller/create_test_component.go:76.2,77.16 2 1
github.com/open-component-model/ocm-e2e-framework/test/e2e_ocm_controller/create_test_component.go:77.16,79.3 1 0
github.com/open-component-model/ocm-e2e-framework/test/e2e_ocm_controller/create_test_component.go:81.2,82.16 2 1
github.com/open-component-model/ocm-e2e-framework/test/e2e_ocm_controller/create_test_component.go:82.16,84.3 1 0
github.com/open-component-model/ocm-e2e-framework/test/e2e_ocm_controller/create_test_component.go:86.2,119.3 1 1
github.com/open-component-model/ocm-e2e-framework/test/e2e_ocm_controller/create_test_component.go:122.52,126.16 3 1
github.com/open-component-model/ocm-e2e-framework/test/e2e_ocm_controller/create_test_component.go:126.16,128.3 1 0
github.com/open-component-model/ocm-e2e-framework/test/e2e_ocm_controller/create_test_component.go:130.2,131.16 2 1
github.com/open-component-model/ocm-e2e-framework/test/e2e_ocm_controller/create_test_component.go:131.16,133.3 1 0
github.com/open-component-model/ocm-e2e-framework/test/e2e_ocm_controller/create_test_component.go:135.2,136.16 2 1
github.com/open-component-model/ocm-e2e-framework/test/e2e_ocm_controller/create_test_component.go:136.16,138.3 1 0
github.com/open-component-model/ocm-e2e-framework/test/e2e_ocm_controller/create_test_component.go:140.2,141.16 2 1
github.com/open-component-model/ocm-e2e-framework/test/e2e_ocm_controller/create_test_component.go:141.16,143.3 1 0
github.com/open-component-model/ocm-e2e-framework/test/e2e_ocm_controller/create_test_component.go:145.2,178.3 1 1
github.com/open-component-model/ocm-e2e-framework/test/e2e_ocm_controller/create_test_component.go:181.49,185.16 3 1
github.com/open-component-model/ocm-e2e-framework/test/e2e_ocm_controller/create_test_component.go:185.16,187.3 1 0
github.com/open-component-model/ocm-e2e-framework/test/e2e_ocm_controller/create_test_component.go:189.2,190.16 2 1
github.com/open-component-model/ocm-e2e-framework/test/e2e_ocm_controller/create_test_component.go:190.16,192.3 1 0
github.com/open-component-model/ocm-e2e-framework/test/e2e_ocm_controller/create_test_component.go:194.2,195.16 2 1
github.com/open-component-model/ocm-e2e-framework/test/e2e_ocm_controller/create_test_component.go:195.16,197.3 1 0
github.com/open-component-model/ocm-e2e-framework/test/e2e_ocm_controller/create_test_component.go:199.2,200.16 2 1
github.com/open-component-model/ocm-e2e-framework/test/e2e_ocm_controller/create_test_component.go:200.16,202.3 1 0
github.com/open-component-model/ocm-e2e-framework/test/e2e_ocm_controller/create_test_component.go:204.2,237.3 1 1
github.com/open-component-model/ocm-e2e-framework/test/e2e_ocm_controller/helpers.go:19.36,21.81 2 1
github.com/open-component-model/ocm-e2e-framework/test/e2e_ocm_controller/helpers.go:21.81,23.3 1 0
github.com/open-component-model/ocm-e2e-framework/test/e2e_ocm_controller/helpers.go:26.54,28.16 2 0
github.com/open-component-model/ocm-e2e-framework/test/e2e_ocm_controller/helpers.go:28.16,30.3 1 0
github.com/open-component-model/ocm-e2e-framework/test/e2e_ocm_controller/helpers.go:32.2,34.49 2 0
github.com/open-component-model/ocm-e2e-framework/test/e2e_ocm_controller/helpers.go:34.49,36.3 1 0
github.com/open-component-model/ocm-e2e-framework/test/e2e_ocm_controller/helpers.go:38.2,39.16 2 0
github.com/open-component-model/ocm-e2e-framework/test/e2e_ocm_controller/helpers.go:39.16,41.3 1 0
github.com/open-component-model/ocm-e2e-framework/test/e2e_ocm_controller/helpers.go:43.2,44.16 2 0
github.com/open-component-model/ocm-e2e-framework/test/e2e_ocm_controller/helpers.go:44.16,46.3 1 0
github.com/open-component-model/ocm-e2e-framework/test/e2e_ocm_controller/helpers.go:48.2,48.17 1 0
github.com/open-component-model/ocm-e2e-framework/test/e2e_ocm_controller/helpers.go:48.17,50.3 1 0
github.com/open-component-model/ocm-e2e-framework/test/e2e_ocm_controller/helpers.go:52.2,52.19 1 0
